[2024-03-19 14:15:16.521919] [WARNING] [Nyxx.Shards[0]] Error: Connection was closed with code 1002
Error: Connection was closed with code 1002
Stack trace:
#0      ShardRunner.run.asyncRun (package:nyxx/src/gateway/shard_runner.dart:227:38)
<asynchronous suspension>
#1      ShardRunner.run.<anonymous closure> (package:nyxx/src/gateway/shard_runner.dart:247:21)
<asynchronous suspension>


[2024-03-19 15:37:40.946106] [WARNING] [Nyxx.Shards[0]] Error: Connection was closed with code 1000
Error: Connection was closed with code 1000
Stack trace:
#0      ShardRunner.run.asyncRun (package:nyxx/src/gateway/shard_runner.dart:227:38)
<asynchronous suspension>
#1      ShardRunner.run.<anonymous closure> (package:nyxx/src/gateway/shard_runner.dart:247:21)
<asynchronous suspension>


[2024-03-19 16:31:36.978240] [WARNING] [Nyxx.Shards[0]] Reconnecting: unresumable invalid session
[2024-03-19 17:34:56.787478] [WARNING] [Nyxx.Shards[0]] Error: Connection was closed with code 1002
Error: Connection was closed with code 1002
Stack trace:
#0      ShardRunner.run.asyncRun (package:nyxx/src/gateway/shard_runner.dart:227:38)
<asynchronous suspension>
#1      ShardRunner.run.<anonymous closure> (package:nyxx/src/gateway/shard_runner.dart:247:21)
<asynchronous suspension>


[2024-03-19 18:20:34.827244] [WARNING] [Nyxx.Shards[0]] Error: Connection was closed with code 1002
Error: Connection was closed with code 1002
Stack trace:
#0      ShardRunner.run.asyncRun (package:nyxx/src/gateway/shard_runner.dart:227:38)
<asynchronous suspension>
#1      ShardRunner.run.<anonymous closure> (package:nyxx/src/gateway/shard_runner.dart:247:21)
<asynchronous suspension>


