[2023-11-03 15:17:44.256627] [FINE] [Nyxx.Http] GET /applications/@me
[2023-11-03 15:17:44.265076] [FINER] [Nyxx.Http] Rate Limit ID: GET applications/$param, Headers: {}, Audit Log Reason: null, Authenticated: true, Apply Global Rate Limit: true
[2023-11-03 15:17:44.265434] [FINER] [Nyxx.Http] Query Parameters: {}, Body: null
[2023-11-03 15:17:44.266045] [FINER] [Nyxx.Http] Sending GET /applications/@me
[2023-11-03 15:17:44.803872] [FINE] [Nyxx.Http] 200 GET /applications/@me
[2023-11-03 15:17:44.804350] [FINER] [Nyxx.Http] Headers: {connection: keep-alive, set-cookie: __dcfduid=237d7f0a7a5c11ee9963c2fcb681d6a4; Expires=Wed, 01-Nov-2028 15:17:44 GMT; Max-Age=157680000; Secure; HttpOnly; Path=/,__sdcfduid=237d7f0a7a5c11ee9963c2fcb681d6a4034afa67005122dec5ecaf1ea2483850a3d78845c9a69a6b1a431269072595c3; Expires=Wed, 01-Nov-2028 15:17:44 GMT; Max-Age=157680000; Secure; HttpOnly; Path=/,__cfruid=4e661cbe9edfb330a2862b72f88cef7f6e23360e-1699024664; path=/; domain=.discord.com; HttpOnly; Secure; SameSite=None,_cfuvid=byXsHavoa4w6C0NndAp7NQakz6jQq7QCabNL6xnnJgI-1699024664659-0-604800000; path=/; domain=.discord.com; HttpOnly; Secure; SameSite=None, transfer-encoding: chunked, date: Fri, 03 Nov 2023 15:17:44 GMT, x-ratelimit-limit: 50, x-ratelimit-reset: 1699024664.531, content-encoding: gzip, vary: Accept-Encoding, strict-transport-security: max-age=31536000; includeSubDomains; preload, x-ratelimit-remaining: 49, report-to: {"endpoints":[{"url":"https:\/\/a.nel.cloudflare.com\/report\/v3?s=1fWzbaEsULgYZThtm3dI...
[2023-11-03 15:17:44.810446] [FINE] [Nyxx.Http] GET /users/@me
[2023-11-03 15:17:44.810777] [FINER] [Nyxx.Http] Rate Limit ID: GET users/$param, Headers: {}, Audit Log Reason: null, Authenticated: true, Apply Global Rate Limit: true
[2023-11-03 15:17:44.810973] [FINER] [Nyxx.Http] Query Parameters: {}, Body: null
[2023-11-03 15:17:44.811156] [FINER] [Nyxx.Http] Sending GET /users/@me
[2023-11-03 15:17:45.053474] [FINE] [Nyxx.Http] 200 GET /users/@me
[2023-11-03 15:17:45.054025] [FINER] [Nyxx.Http] Headers: {connection: keep-alive, set-cookie: __dcfduid=23b4802c7a5c11ee9f4ea6e52a942c42; Expires=Wed, 01-Nov-2028 15:17:44 GMT; Max-Age=157680000; Secure; HttpOnly; Path=/,__sdcfduid=23b4802c7a5c11ee9f4ea6e52a942c42a7f5b43cba5cada382db5e02fed2963ff5110c34a3b4e360207131b6dae95fe4; Expires=Wed, 01-Nov-2028 15:17:44 GMT; Max-Age=157680000; Secure; HttpOnly; Path=/,__cfruid=60fd1be1e7f8c84a6f625fa3e5c895223e0228fe-1699024665; path=/; domain=.discord.com; HttpOnly; Secure; SameSite=None,_cfuvid=PsaS1VznKmyEPIJqQil.jyCn2v5MZPbyFWu6yyGGkUQ-1699024665022-0-604800000; path=/; domain=.discord.com; HttpOnly; Secure; SameSite=None, transfer-encoding: chunked, date: Fri, 03 Nov 2023 15:17:45 GMT, x-ratelimit-limit: 50, x-ratelimit-reset: 1699024664.972, content-encoding: gzip, vary: Accept-Encoding, strict-transport-security: max-age=31536000; includeSubDomains; preload, x-ratelimit-remaining: 49, report-to: {"endpoints":[{"url":"https:\/\/a.nel.cloudflare.com\/report\/v3?s=RmUF0dJrdRAsRGeQ%2BF...
[2023-11-03 15:17:45.068658] [FINE] [Nyxx.Http] GET /gateway/bot
[2023-11-03 15:17:45.068901] [FINER] [Nyxx.Http] Rate Limit ID: GET gateway/bot, Headers: {}, Audit Log Reason: null, Authenticated: true, Apply Global Rate Limit: true
[2023-11-03 15:17:45.069020] [FINER] [Nyxx.Http] Query Parameters: {}, Body: null
[2023-11-03 15:17:45.069167] [FINER] [Nyxx.Http] Sending GET /gateway/bot
[2023-11-03 15:17:45.257239] [FINE] [Nyxx.Http] 200 GET /gateway/bot
[2023-11-03 15:17:45.257821] [FINER] [Nyxx.Http] Headers: {connection: keep-alive, set-cookie: __dcfduid=23d417167a5c11eeb403b6fa697b4bd2; Expires=Wed, 01-Nov-2028 15:17:45 GMT; Max-Age=157680000; Secure; HttpOnly; Path=/,__sdcfduid=23d417167a5c11eeb403b6fa697b4bd20cd3d7d281e72712e5c665b12dcce1db09ecbc042d31330d114fd67c517ce7c1; Expires=Wed, 01-Nov-2028 15:17:45 GMT; Max-Age=157680000; Secure; HttpOnly; Path=/,__cfruid=60fd1be1e7f8c84a6f625fa3e5c895223e0228fe-1699024665; path=/; domain=.discord.com; HttpOnly; Secure; SameSite=None,_cfuvid=SA3eUhkbamFnPmwA9k6cJC3zsc.Cr08Uq7t3ok2GTN4-1699024665225-0-604800000; path=/; domain=.discord.com; HttpOnly; Secure; SameSite=None, transfer-encoding: chunked, date: Fri, 03 Nov 2023 15:17:45 GMT, x-ratelimit-limit: 2, x-ratelimit-reset: 1699024670.171, content-encoding: gzip, vary: Accept-Encoding, strict-transport-security: max-age=31536000; includeSubDomains; preload, x-ratelimit-remaining: 1, report-to: {"endpoints":[{"url":"https:\/\/a.nel.cloudflare.com\/report\/v3?s=24jT3PxwEYAns40BtPeDXv...
[2023-11-03 15:17:45.261289] [INFO] [Nyxx.Gateway] Connecting 1/1 shards
[2023-11-03 15:17:45.262735] [FINE] [Nyxx.Gateway] Shard IDs: [0]
[2023-11-03 15:17:45.265204] [FINE] [Nyxx.Gateway] Gateway URL: wss://gateway.discord.gg, Recommended Shards: 1, Max Concurrency: 1, Remaining Session Starts: 994, Reset After: 21:54:38.555000
[2023-11-03 15:17:45.275722] [INFO] [Nyxx.Shards[0]] Connecting to Gateway
[2023-11-03 15:17:45.334471] [INFO] [Nyxx] Listening for SIGINT or SIGTERM to safely close
[2023-11-03 15:17:45.350194] [FINE] [Nyxx.Http] PUT /applications/943514479545708604/commands
[2023-11-03 15:17:45.350440] [FINER] [Nyxx.Http] Rate Limit ID: PUT applications/$param/commands, Headers: {}, Audit Log Reason: null, Authenticated: true, Apply Global Rate Limit: true
[2023-11-03 15:17:45.350571] [FINER] [Nyxx.Http] Query Parameters: {}, Body: [{"name":"ping","description":"Ping the bot","options":[],"dm_permission":true,"type":1},{"name":"markov","description":"Generate a markov chain from the last 100 messages in the channel.","options":[{"type":7,"name":"channel","description":"No description provided","required":false,"choices":[],"channel_types":[0],"autocomplete":false}],"dm_permission":true,"type":1},{"name":"uwurandom","description":"cat /dev/uwurandom","options":[{"type":3,"name":"type","description":"The type of nonsense to generate","required":false,"choices":[{"name":"Catgirlnonsense","value":"catgirlnonsense"},{"name":"Keysmash","value":"keysmash"},{"name":"Scrunkly","value":"scrunkly"},{"name":"All","value":"all"}],"autocomplete":false},{"type":4,"name":"length","description":"The length of the nonsense to generate","required":false,"min_value":1,"max_value":512,"autocomplete":false}],"dm_permission":true,"type":1}]
[2023-11-03 15:17:45.350748] [FINER] [Nyxx.Http] Sending PUT /applications/943514479545708604/commands
[2023-11-03 15:17:45.641706] [FINE] [Nyxx.Http] 200 PUT /applications/943514479545708604/commands
[2023-11-03 15:17:45.642186] [FINER] [Nyxx.Http] Headers: {connection: keep-alive, set-cookie: __dcfduid=240ef8187a5c11eeafa41effd28e2693; Expires=Wed, 01-Nov-2028 15:17:45 GMT; Max-Age=157680000; Secure; HttpOnly; Path=/,__sdcfduid=240ef8187a5c11eeafa41effd28e2693e649802204a37a0f869c4fbdaa1d1c60e685c85144947757401d126630dde91a; Expires=Wed, 01-Nov-2028 15:17:45 GMT; Max-Age=157680000; Secure; HttpOnly; Path=/,__cfruid=60fd1be1e7f8c84a6f625fa3e5c895223e0228fe-1699024665; path=/; domain=.discord.com; HttpOnly; Secure; SameSite=None,_cfuvid=Nx47sPFMlWvhIZGJqhaAxdDSVHPp.lrb3.Uwv9v8FmQ-1699024665613-0-604800000; path=/; domain=.discord.com; HttpOnly; Secure; SameSite=None, transfer-encoding: chunked, date: Fri, 03 Nov 2023 15:17:45 GMT, x-ratelimit-limit: 2, x-ratelimit-reset: 1699024695.456, content-encoding: gzip, vary: Accept-Encoding, strict-transport-security: max-age=31536000; includeSubDomains; preload, x-ratelimit-remaining: 1, report-to: {"endpoints":[{"url":"https:\/\/a.nel.cloudflare.com\/report\/v3?s=gxcrvzGRnIo0Avu%2Bcppk...
[2023-11-03 15:17:45.649547] [INFO] [Commands] Synced 3 commands to Discord
[2023-11-03 15:17:45.668555] [FINER] [Nyxx.Shards[0]] Receive: hello
[2023-11-03 15:17:45.668894] [FINEST] [Nyxx.Shards[0]] Heartbeat Interval: 0:00:41.250000
[2023-11-03 15:17:45.972869] [FINE] [Nyxx.Shards[0]] Receive event: READY
[2023-11-03 15:17:45.973603] [FINER] [Nyxx.Shards[0]] Seq: 1, Data: {_trace: [["gateway-prd-us-east1-c-vkqv",{"micros":167907,"calls":["id_created",{"micros":1328,"calls":[]},"session_lookup_time",{"micros":5192,"calls":[]},"session_lookup_finished",{"micros":15,"calls":[]},"discord-sessions-prd-2-275",{"micros":159630,"calls":["start_session",{"micros":127887,"calls":["discord-api-5f44dd85d9-bc95b",{"micros":122208,"calls":["get_user",{"micros":11584},"get_guilds",{"micros":12415},"send_scheduled_deletion_message",{"micros":10},"guild_join_requests",{"micros":12295},"authorized_ip_coro",{"micros":9}]}]},"starting_guild_connect",{"micros":62,"calls":[]},"presence_started",{"micros":337,"calls":[]},"guilds_started",{"micros":183,"calls":[]},"guilds_connect",{"micros":2,"calls":[]},"presence_connect",{"micros":31132,"calls":[]},"connect_finished",{"micros":31138,"calls":[]},"build_ready",{"micros":19,"calls":[]},"clean_ready",{"micros":1,"calls":[]},"optimize_ready",{"micros":0,"calls":[]},"split_ready",{"micros":1,"calls":[]}]}]}]], app...
[2023-11-03 15:17:45.973944] [INFO] [Nyxx.Shards[0]] Connected to Gateway
[2023-11-03 15:17:45.989512] [FINE] [Nyxx.Shards[0]] Receive event: GUILD_CREATE
[2023-11-03 15:17:45.994184] [FINER] [Nyxx.Shards[0]] Seq: 2, Data: {region: deprecated, member_count: 18, max_stage_video_channel_users: 50, safety_alerts_channel_id: null, max_video_channel_users: 25, banner: null, embedded_activities: [], premium_tier: 0, afk_timeout: 300, id: 692311924448297011, hub_type: null, name: parce que, preferred_locale: en-US, icon: 020d07159a0915d9666aa39f334bfb04, presences: [{activities: [{created_at: 1699024600350, id: ec0b28a579ecb4bd, name: .h for help, type: 0}], broadcast: null, client_status: {web: online}, status: online, user: {id: 116275390695079945}}, {activities: [{created_at: 1694686125512, id: ec0b28a579ecb4bd, name: https://tatsu.gg, type: 0}], broadcast: null, client_status: {web: online}, status: online, user: {id: 172002275412279296}}, {activities: [{created_at: 1698966534885, id: ec0b28a579ecb4bd, name: Custom Status, state: pancake.gg | p!help, type: 4}], broadcast: null, client_status: {web: online}, status: online, user: {id: 239631525350604801}}, {activities: [{created_at: 16990231...
[2023-11-03 15:17:46.057248] [FINE] [Nyxx.Shards[0]] Receive event: GUILD_CREATE
[2023-11-03 15:17:46.062242] [FINER] [Nyxx.Shards[0]] Seq: 3, Data: {region: deprecated, member_count: 6, max_stage_video_channel_users: 50, safety_alerts_channel_id: null, max_video_channel_users: 25, banner: null, embedded_activities: [], premium_tier: 0, afk_timeout: 300, id: 1042027786619080734, hub_type: null, name: Server Von 🥀 | Rapougnac, preferred_locale: en-US, icon: null, presences: [{activities: [{created_at: 1698681410840, id: ec0b28a579ecb4bd, name: kettle chips > battle ships, type: 0}], broadcast: null, client_status: {web: online}, status: online, user: {id: 204255221017214977}}, {activities: [{created_at: 1699023124832, emoji: {animated: false, id: 1105893605610106903, name: lesbian_flag}, id: custom, name: Custom Status, state: Du bist die Person, die mir mein Herz einfach gestohlen hat, type: 4}], broadcast: null, client_status: {desktop: idle}, status: idle, user: {id: 253554702858452992}}, {activities: [{created_at: 1699024518232, id: ec0b28a579ecb4bd, name: souhaiter une bonne année 2021, type: 0}], broadcast: n...
[2023-11-03 15:17:46.078052] [FINE] [Nyxx.Shards[0]] Receive event: GUILD_CREATE
[2023-11-03 15:17:46.079923] [FINER] [Nyxx.Shards[0]] Seq: 4, Data: {region: deprecated, member_count: 4, max_stage_video_channel_users: 50, safety_alerts_channel_id: null, max_video_channel_users: 25, banner: null, embedded_activities: [], premium_tier: 0, afk_timeout: 300, id: 919851910067028008, hub_type: null, name: 🥀 | Rapougnac's server, preferred_locale: en-US, icon: null, presences: [{activities: [{created_at: 1699023124832, emoji: {animated: false, id: 1105893605610106903, name: lesbian_flag}, id: custom, name: Custom Status, state: Du bist die Person, die mir mein Herz einfach gestohlen hat, type: 4}], broadcast: null, client_status: {desktop: idle}, status: idle, user: {id: 253554702858452992}}, {activities: [], broadcast: null, client_status: {web: idle}, status: idle, user: {id: 943514479545708604}}], latest_onboarding_question_id: null, large: false, discovery_splash: null, explicit_content_filter: 0, nsfw_level: 0, premium_progress_bar_enabled: false, threads: [], default_message_notifications: 0, channels: [{flags: 0, ...
[2023-11-03 15:17:46.118096] [FINE] [Nyxx.Shards[0]] Receive event: GUILD_CREATE
[2023-11-03 15:17:46.118960] [FINER] [Nyxx.Shards[0]] Seq: 5, Data: {region: deprecated, member_count: 4, max_stage_video_channel_users: 50, safety_alerts_channel_id: null, max_video_channel_users: 25, banner: null, embedded_activities: [], premium_tier: 0, afk_timeout: 300, id: 1078280462818091129, hub_type: null, name: Alhola, preferred_locale: en-US, icon: e96e61e8e862d16f00af6715aca96ad8, presences: [{activities: [{created_at: 1699023124832, emoji: {animated: false, id: 1105893605610106903, name: lesbian_flag}, id: custom, name: Custom Status, state: Du bist die Person, die mir mein Herz einfach gestohlen hat, type: 4}], broadcast: null, client_status: {desktop: idle}, status: idle, user: {id: 253554702858452992}}, {activities: [{created_at: 1699009287276, emoji: {animated: false, id: 1147202832299216918, name: blake_adorable}, id: custom, name: Custom Status, state: I think we're already falling., type: 4}], broadcast: null, client_status: {desktop: dnd}, status: dnd, user: {id: 444074251079778314}}, {activities: [], broadcast: nu...
[2023-11-03 15:17:46.125026] [FINE] [Nyxx.Shards[0]] Receive event: GUILD_CREATE
[2023-11-03 15:17:46.126607] [FINER] [Nyxx.Shards[0]] Seq: 6, Data: {region: deprecated, member_count: 12, max_stage_video_channel_users: 50, safety_alerts_channel_id: null, max_video_channel_users: 25, banner: null, embedded_activities: [], premium_tier: 0, afk_timeout: 900, id: 1139500113555902474, hub_type: null, name: Les Transcendant.e.s & Co, preferred_locale: en-US, icon: 6ad3f59c34c907217d141a09fb157fbf, presences: [{activities: [{created_at: 1699023124832, emoji: {animated: false, id: 1105893605610106903, name: lesbian_flag}, id: custom, name: Custom Status, state: Du bist die Person, die mir mein Herz einfach gestohlen hat, type: 4}], broadcast: null, client_status: {desktop: idle}, status: idle, user: {id: 253554702858452992}}, {activities: [{assets: {large_image: spotify:ab67616d0000b2732b1b862789757ed93c822c18, large_text: Kobe!!}, created_at: 1699024661310, details: Kobe!!, flags: 48, id: spotify:1, name: Spotify, party: {id: spotify:364062534975881218}, session_id: fd37d18d3c63b8bf64f7f65d4eb43e59, state: fallakami; Prod...
[2023-11-03 15:17:46.139203] [FINE] [Nyxx.Shards[0]] Receive event: GUILD_CREATE
[2023-11-03 15:17:46.141403] [FINER] [Nyxx.Shards[0]] Seq: 7, Data: {region: deprecated, member_count: 23, max_stage_video_channel_users: 50, safety_alerts_channel_id: 1010567795345473536, max_video_channel_users: 25, banner: null, embedded_activities: [], premium_tier: 0, afk_timeout: 300, id: 911736666551640075, hub_type: null, name: Server von 🥀 | Rapougnac, preferred_locale: en-US, icon: 6ca8cc5eb6666785afd8d3ee2e2e7ce1, presences: [{activities: [{created_at: 1697902843456, id: ec0b28a579ecb4bd, name: https://tatsu.gg, type: 0}], broadcast: null, client_status: {web: online}, status: online, user: {id: 172002275412279296}}, {activities: [{created_at: 1699023124832, emoji: {animated: false, id: 1105893605610106903, name: lesbian_flag}, id: custom, name: Custom Status, state: Du bist die Person, die mir mein Herz einfach gestohlen hat, type: 4}], broadcast: null, client_status: {desktop: idle}, status: idle, user: {id: 253554702858452992}}, {activities: [{created_at: 1699023876343, id: ec0b28a579ecb4bd, name: Shrek Extra Large, type...
[2023-11-03 15:17:50.259660] [FINE] [Nyxx.Shards[0]] Receive event: PRESENCE_UPDATE
[2023-11-03 15:17:50.259950] [FINER] [Nyxx.Shards[0]] Seq: 8, Data: {activities: [{created_at: 1699024660357, id: ec0b28a579ecb4bd, name: .h aar, type: 0}], broadcast: null, client_status: {web: online}, guild_id: 692311924448297011, status: online, user: {id: 116275390695079945}}
[2023-11-03 15:17:51.220342] [FINE] [Nyxx.Shards[0]] Receive event: PRESENCE_UPDATE
[2023-11-03 15:17:51.220800] [FINER] [Nyxx.Shards[0]] Seq: 9, Data: {activities: [{assets: {large_image: spotify:ab67616d0000b2732b1b862789757ed93c822c18, large_text: Kobe!!}, created_at: 1699024671150, details: Kobe!!, flags: 48, id: spotify:1, name: Spotify, party: {id: spotify:364062534975881218}, session_id: fd37d18d3c63b8bf64f7f65d4eb43e59, state: fallakami; Prod. Pretty U-238, sync_id: 7tr5UmDqM4xKi4ZQjueq3G, timestamps: {end: 1699024727956, start: 1699024658064}, type: 2}], broadcast: null, client_status: {desktop: dnd}, guild_id: 1139500113555902474, status: dnd, user: {id: 364062534975881218}}
[2023-11-03 15:17:51.221492] [FINE] [Nyxx.Shards[0]] Receive event: PRESENCE_UPDATE
[2023-11-03 15:17:51.221751] [FINER] [Nyxx.Shards[0]] Seq: 10, Data: {activities: [{assets: {large_image: spotify:ab67616d0000b2732b1b862789757ed93c822c18, large_text: Kobe!!}, created_at: 1699024671150, details: Kobe!!, flags: 48, id: spotify:1, name: Spotify, party: {id: spotify:364062534975881218}, session_id: fd37d18d3c63b8bf64f7f65d4eb43e59, state: fallakami; Prod. Pretty U-238, sync_id: 7tr5UmDqM4xKi4ZQjueq3G, timestamps: {end: 1699024727956, start: 1699024658064}, type: 2}], broadcast: null, client_status: {desktop: dnd}, guild_id: 692311924448297011, status: dnd, user: {id: 364062534975881218}}
[2023-11-03 15:18:18.444146] [FINE] [Nyxx.Shards[0]] Receive event: PRESENCE_UPDATE
[2023-11-03 15:18:18.444701] [FINER] [Nyxx.Shards[0]] Seq: 11, Data: {activities: [{created_at: 1699024698377, id: ec0b28a579ecb4bd, name: utiliser un objet après mouvement, type: 0}], broadcast: null, client_status: {web: online}, guild_id: 1042027786619080734, status: online, user: {id: 436483239268581376}}
[2023-11-03 15:18:23.987042] [FINER] [Nyxx.Shards[0]] Receive: heartbeatAck
[2023-11-03 15:18:51.301597] [FINE] [Nyxx.Shards[0]] Receive event: PRESENCE_UPDATE
[2023-11-03 15:18:51.301912] [FINER] [Nyxx.Shards[0]] Seq: 12, Data: {activities: [{created_at: 1699024720351, id: ec0b28a579ecb4bd, name: .h for help, type: 0}], broadcast: null, client_status: {web: online}, guild_id: 692311924448297011, status: online, user: {id: 116275390695079945}}
[2023-11-03 15:18:51.733469] [FINE] [Nyxx.Shards[0]] Receive event: PRESENCE_UPDATE
[2023-11-03 15:18:51.733719] [FINER] [Nyxx.Shards[0]] Seq: 13, Data: {activities: [{assets: {large_image: spotify:ab67616d0000b273fcf2e5fbcf46696133bf83be, large_text: Moist the Mixtape 3}, created_at: 1699024731663, details: Deep, flags: 48, id: spotify:1, name: Spotify, party: {id: spotify:364062534975881218}, session_id: fd37d18d3c63b8bf64f7f65d4eb43e59, state: Yung Attila, sync_id: 5PuLy9cJN42eE0Oleoonih, timestamps: {end: 1699024812093, start: 1699024727293}, type: 2}], broadcast: null, client_status: {desktop: dnd}, guild_id: 1139500113555902474, status: dnd, user: {id: 364062534975881218}}
[2023-11-03 15:18:51.734468] [FINE] [Nyxx.Shards[0]] Receive event: PRESENCE_UPDATE
[2023-11-03 15:18:51.734646] [FINER] [Nyxx.Shards[0]] Seq: 14, Data: {activities: [{assets: {large_image: spotify:ab67616d0000b273fcf2e5fbcf46696133bf83be, large_text: Moist the Mixtape 3}, created_at: 1699024731663, details: Deep, flags: 48, id: spotify:1, name: Spotify, party: {id: spotify:364062534975881218}, session_id: fd37d18d3c63b8bf64f7f65d4eb43e59, state: Yung Attila, sync_id: 5PuLy9cJN42eE0Oleoonih, timestamps: {end: 1699024812093, start: 1699024727293}, type: 2}], broadcast: null, client_status: {desktop: dnd}, guild_id: 692311924448297011, status: dnd, user: {id: 364062534975881218}}
[2023-11-03 15:19:05.269943] [FINER] [Nyxx.Shards[0]] Receive: heartbeatAck
[2023-11-03 15:19:24.830166] [INFO] [Nyxx] Caught SIGINT or SIGTERM, closing
[2023-11-03 15:19:24.830542] [INFO] [Nyxx] Closing client
[2023-11-03 15:19:24.833046] [INFO] [Nyxx.Shards[0]] Disposing
[2023-11-03 15:19:24.891747] [INFO] [Nyxx.Shards[0]] Disconnecting: Dispose requested
[2023-11-03 15:19:24.898924] [INFO] [Nyxx.Shards[0]] Shard exited
[2023-11-15 14:34:27.950296] [INFO] [Nyxx.Gateway] Connecting 1/1 shards
[2023-11-15 14:34:27.972197] [INFO] [Nyxx.Shards[0]] Connecting to Gateway
[2023-11-15 14:34:28.058358] [INFO] [Nyxx] Listening for SIGINT or SIGTERM to safely close
[2023-11-15 14:34:28.466062] [INFO] [Commands] Synced 3 commands to Discord
[2023-11-15 14:34:28.478108] [INFO] [Nyxx.Shards[0]] Connected to Gateway
[2023-11-15 14:46:11.919739] [INFO] [Nyxx.Gateway] Connecting 1/1 shards
[2023-11-15 14:46:11.933975] [INFO] [Nyxx.Shards[0]] Connecting to Gateway
[2023-11-15 14:46:12.035686] [INFO] [Nyxx] Listening for SIGINT or SIGTERM to safely close
[2023-11-15 14:46:12.495642] [INFO] [Commands] Synced 3 commands to Discord
[2023-11-15 14:46:12.515795] [INFO] [Nyxx.Shards[0]] Connected to Gateway
[2023-11-15 14:48:27.401180] [INFO] [Nyxx] Caught SIGINT or SIGTERM, closing
[2023-11-15 14:48:27.401786] [INFO] [Nyxx] Closing client
[2023-11-15 14:48:27.404412] [INFO] [Nyxx.Shards[0]] Disposing
[2023-11-15 14:48:27.421889] [INFO] [Nyxx.Shards[0]] Disconnecting: Dispose requested
[2023-11-15 14:48:27.430426] [INFO] [Nyxx.Shards[0]] Shard exited
[2023-11-15 14:48:31.842552] [INFO] [Nyxx.Gateway] Connecting 1/1 shards
[2023-11-15 14:48:31.854220] [INFO] [Nyxx.Shards[0]] Connecting to Gateway
[2023-11-15 14:48:31.935437] [INFO] [Nyxx] Listening for SIGINT or SIGTERM to safely close
[2023-11-15 14:48:32.419023] [INFO] [Nyxx.Shards[0]] Connected to Gateway
[2023-11-15 14:48:32.706206] [INFO] [Commands] Synced 3 commands to Discord
[2023-11-15 14:48:35.779780] [INFO] [Nyxx] Caught SIGINT or SIGTERM, closing
[2023-11-15 14:48:35.780095] [INFO] [Nyxx] Closing client
[2023-11-15 14:48:35.782399] [INFO] [Nyxx.Shards[0]] Disposing
[2023-11-15 14:48:35.792857] [INFO] [Nyxx.Shards[0]] Disconnecting: Dispose requested
[2023-11-15 14:48:35.795643] [INFO] [Nyxx.Shards[0]] Shard exited
[2023-11-15 14:48:44.088979] [INFO] [Nyxx.Gateway] Connecting 1/1 shards
[2023-11-15 14:48:44.099606] [INFO] [Nyxx.Shards[0]] Connecting to Gateway
[2023-11-15 14:48:44.180642] [INFO] [Nyxx] Listening for SIGINT or SIGTERM to safely close
[2023-11-15 14:48:44.609299] [INFO] [Nyxx.Shards[0]] Connected to Gateway
[2023-11-15 14:48:45.532083] [INFO] [Commands] Synced 3 commands to Discord
[2023-11-15 14:49:18.594532] [INFO] [Nyxx.Shards[0]] Connected to Gateway
[2023-11-15 14:52:23.376386] [INFO] [Nyxx.Shards[0]] Connected to Gateway
[2023-11-15 15:03:57.863630] [INFO] [Nyxx] Caught SIGINT or SIGTERM, closing
[2023-11-15 15:03:57.865622] [INFO] [Nyxx] Closing client
[2023-11-15 15:03:57.868150] [INFO] [Nyxx.Shards[0]] Disposing
[2023-11-15 15:03:57.871378] [INFO] [Nyxx.Shards[0]] Disconnecting: Dispose requested
[2023-11-15 15:03:57.873890] [INFO] [Nyxx.Shards[0]] Shard exited
[2023-11-15 15:04:02.637649] [INFO] [Nyxx.Gateway] Connecting 1/1 shards
[2023-11-15 15:04:02.647500] [INFO] [Nyxx.Shards[0]] Connecting to Gateway
[2023-11-15 15:04:02.742754] [INFO] [Nyxx] Listening for SIGINT or SIGTERM to safely close
[2023-11-15 15:04:03.394038] [INFO] [Nyxx.Shards[0]] Connected to Gateway
[2023-11-15 15:04:03.787949] [INFO] [Commands] Synced 3 commands to Discord
[2023-11-15 15:19:55.174295] [INFO] [Nyxx] Caught SIGINT or SIGTERM, closing
[2023-11-15 15:19:55.174773] [INFO] [Nyxx] Closing client
[2023-11-15 15:19:55.177302] [INFO] [Nyxx.Shards[0]] Disposing
[2023-11-15 15:19:55.184859] [INFO] [Nyxx.Shards[0]] Disconnecting: Dispose requested
[2023-11-15 15:19:55.188593] [INFO] [Nyxx.Shards[0]] Shard exited
[2023-11-15 15:20:00.462552] [INFO] [Nyxx.Gateway] Connecting 1/1 shards
[2023-11-15 15:20:00.471481] [INFO] [Nyxx.Shards[0]] Connecting to Gateway
[2023-11-15 15:20:00.545978] [INFO] [Nyxx] Listening for SIGINT or SIGTERM to safely close
[2023-11-15 15:20:00.940034] [INFO] [Nyxx.Shards[0]] Connected to Gateway
[2023-11-15 15:20:01.128019] [INFO] [Commands] Synced 3 commands to Discord
[2023-11-15 15:20:55.991706] [INFO] [Nyxx] Caught SIGINT or SIGTERM, closing
[2023-11-15 15:20:55.992389] [INFO] [Nyxx] Closing client
[2023-11-15 15:20:55.995688] [INFO] [Nyxx.Shards[0]] Disposing
[2023-11-15 15:20:56.004915] [INFO] [Nyxx.Shards[0]] Disconnecting: Dispose requested
[2023-11-15 15:20:56.008336] [INFO] [Nyxx.Shards[0]] Shard exited
[2023-11-15 15:21:01.190150] [INFO] [Nyxx.Gateway] Connecting 1/1 shards
[2023-11-15 15:21:01.201402] [INFO] [Nyxx.Shards[0]] Connecting to Gateway
[2023-11-15 15:21:01.271358] [INFO] [Nyxx] Listening for SIGINT or SIGTERM to safely close
[2023-11-15 15:21:01.701402] [INFO] [Commands] Synced 3 commands to Discord
[2023-11-15 15:21:01.705686] [INFO] [Nyxx.Shards[0]] Connected to Gateway
[2023-11-15 15:24:08.214044] [INFO] [Nyxx] Caught SIGINT or SIGTERM, closing
[2023-11-15 15:24:08.214433] [INFO] [Nyxx] Closing client
[2023-11-15 15:24:08.216430] [INFO] [Nyxx.Shards[0]] Disposing
[2023-11-15 15:24:08.222074] [INFO] [Nyxx.Shards[0]] Disconnecting: Dispose requested
[2023-11-15 15:24:08.224166] [INFO] [Nyxx.Shards[0]] Shard exited
[2023-11-15 15:25:12.140293] [INFO] [Nyxx.Gateway] Connecting 1/1 shards
[2023-11-15 15:25:12.151252] [INFO] [Nyxx.Shards[0]] Connecting to Gateway
[2023-11-15 15:25:12.218406] [INFO] [Nyxx] Listening for SIGINT or SIGTERM to safely close
[2023-11-15 15:25:12.612508] [INFO] [Commands] Synced 3 commands to Discord
[2023-11-15 15:25:12.661458] [INFO] [Nyxx.Shards[0]] Connected to Gateway
[2023-11-15 15:27:58.680075] [INFO] [Nyxx] Caught SIGINT or SIGTERM, closing
[2023-11-15 15:27:58.682426] [INFO] [Nyxx] Closing client
[2023-11-15 15:27:58.687827] [INFO] [Nyxx.Shards[0]] Disposing
[2023-11-15 15:27:58.704360] [INFO] [Nyxx.Shards[0]] Disconnecting: Dispose requested
[2023-11-15 15:27:58.710688] [INFO] [Nyxx.Shards[0]] Shard exited
[2023-11-15 15:28:04.362121] [INFO] [Nyxx.Gateway] Connecting 1/1 shards
[2023-11-15 15:28:04.371632] [INFO] [Nyxx.Shards[0]] Connecting to Gateway
[2023-11-15 15:28:04.439754] [INFO] [Nyxx] Listening for SIGINT or SIGTERM to safely close
[2023-11-15 15:28:04.777041] [INFO] [Commands] Synced 3 commands to Discord
[2023-11-15 15:28:05.045626] [INFO] [Nyxx.Shards[0]] Connected to Gateway
[2023-11-15 15:29:43.361628] [INFO] [Nyxx] Caught SIGINT or SIGTERM, closing
[2023-11-15 15:29:43.362084] [INFO] [Nyxx] Closing client
[2023-11-15 15:29:43.364799] [INFO] [Nyxx.Shards[0]] Disposing
[2023-11-15 15:29:43.371130] [INFO] [Nyxx.Shards[0]] Disconnecting: Dispose requested
[2023-11-15 15:29:43.373842] [INFO] [Nyxx.Shards[0]] Shard exited
[2023-11-15 15:29:47.929814] [INFO] [Nyxx.Gateway] Connecting 1/1 shards
[2023-11-15 15:29:47.940418] [INFO] [Nyxx.Shards[0]] Connecting to Gateway
[2023-11-15 15:29:48.024180] [INFO] [Nyxx] Listening for SIGINT or SIGTERM to safely close
[2023-11-15 15:29:48.333411] [INFO] [Commands] Synced 3 commands to Discord
[2023-11-15 15:29:48.528104] [INFO] [Nyxx.Shards[0]] Connected to Gateway
[2023-11-15 15:30:33.097154] [INFO] [Nyxx] Caught SIGINT or SIGTERM, closing
[2023-11-15 15:30:33.097741] [INFO] [Nyxx] Closing client
[2023-11-15 15:30:33.100373] [INFO] [Nyxx.Shards[0]] Disposing
[2023-11-15 15:30:33.120106] [INFO] [Nyxx.Shards[0]] Disconnecting: Dispose requested
[2023-11-15 15:30:33.124960] [INFO] [Nyxx.Shards[0]] Shard exited
[2023-11-15 15:30:37.871045] [INFO] [Nyxx.Gateway] Connecting 1/1 shards
[2023-11-15 15:30:37.879786] [INFO] [Nyxx.Shards[0]] Connecting to Gateway
[2023-11-15 15:30:37.966473] [INFO] [Nyxx] Listening for SIGINT or SIGTERM to safely close
[2023-11-15 15:30:38.401072] [INFO] [Nyxx.Shards[0]] Connected to Gateway
[2023-11-15 15:30:38.427124] [INFO] [Commands] Synced 3 commands to Discord
[2023-11-15 15:41:49.022820] [INFO] [Nyxx] Caught SIGINT or SIGTERM, closing
[2023-11-15 15:41:49.023841] [INFO] [Nyxx] Closing client
[2023-11-15 15:41:49.027105] [INFO] [Nyxx.Shards[0]] Disposing
[2023-11-15 15:41:49.035488] [INFO] [Nyxx.Shards[0]] Disconnecting: Dispose requested
[2023-11-15 15:41:49.039398] [INFO] [Nyxx.Shards[0]] Shard exited
[2024-03-15 15:19:31.508391] [INFO] [Nyxx.Gateway] Connecting 1/1 shards
[2024-03-15 15:19:31.540150] [INFO] [Nyxx] Listening for SIGINT or SIGTERM to safely close
[2024-03-15 15:19:31.942041] [INFO] [Nyxx.Shards[0]] Connecting to Gateway
[2024-03-15 15:19:32.232982] [INFO] [Commands] Synced 4 commands to Discord
[2024-03-15 15:19:32.250345] [INFO] [Nyxx.Shards[0]] Connected to Gateway
[2024-03-15 15:19:34.695430] [INFO] [Nyxx] Caught SIGINT or SIGTERM, closing
[2024-03-15 15:19:34.696051] [INFO] [Nyxx] Closing client
[2024-03-15 15:19:34.700840] [INFO] [Nyxx.Shards[0]] Disposing
[2024-03-15 15:19:34.718863] [INFO] [Nyxx.Shards[0]] Disconnecting: Dispose requested
[2024-03-15 15:19:34.720959] [INFO] [Nyxx.Shards[0]] Shard exited
[2024-03-19 13:39:52.934083] [INFO] [Commands] Registered command "ping"
[2024-03-19 13:39:52.939124] [INFO] [Commands] Registered command "markov"
[2024-03-19 13:39:52.941038] [INFO] [Commands] Registered command "uwurandom"
[2024-03-19 13:39:52.945158] [INFO] [Commands] Registered command "tag"
[2024-03-19 13:39:52.945760] [INFO] [Commands] Registered command "tag create"
[2024-03-19 13:39:52.946001] [INFO] [Commands] Registered command "tag delete"
[2024-03-19 13:39:52.946173] [INFO] [Commands] Registered command "tag edit"
[2024-03-19 13:39:52.946332] [INFO] [Commands] Registered command "tag raw"
[2024-03-19 13:39:52.946498] [INFO] [Commands] Registered command "tag list"
[2024-03-19 13:39:52.947158] [INFO] [Commands] Registered command "help"
[2024-03-19 13:39:52.961641] [INFO] [Nyxx] Connecting to the Gateway API
[2024-03-19 13:39:53.004523] [INFO] [Analytics] Serving analytics at http://0.0.0.0:8888/analytics
[2024-03-19 13:39:53.976739] [INFO] [Nyxx.Gateway] Connecting 1/1 shards
[2024-03-19 13:39:53.999736] [INFO] [Nyxx] Listening for SIGINT or SIGTERM to safely close
[2024-03-19 13:39:54.292775] [INFO] [Nyxx.Shards[0]] Connecting to Gateway
[2024-03-19 13:39:54.436598] [INFO] [Commands] Synced 4 commands to Discord
[2024-03-19 13:39:54.631192] [INFO] [Nyxx.Shards[0]] Connected to Gateway
[2024-03-19 14:15:16.783351] [INFO] [Nyxx.Shards[0]] Connecting to Gateway
[2024-03-19 14:15:17.010104] [INFO] [Nyxx.Shards[0]] Connected to Gateway
[2024-03-19 15:37:41.180146] [INFO] [Nyxx.Shards[0]] Connecting to Gateway
[2024-03-19 15:37:41.467810] [INFO] [Nyxx.Shards[0]] Connected to Gateway
[2024-03-19 16:31:37.263767] [INFO] [Nyxx.Shards[0]] Connecting to Gateway
[2024-03-19 16:31:37.513262] [INFO] [Nyxx.Shards[0]] Connected to Gateway
[2024-03-19 17:21:20.653358] [INFO] [Nyxx.Shards[0]] Reconnecting: reconnect requested
[2024-03-19 17:21:21.168208] [INFO] [Nyxx.Shards[0]] Reconnected to Gateway
[2024-03-19 17:34:57.057272] [INFO] [Nyxx.Shards[0]] Connecting to Gateway
[2024-03-19 17:34:57.321834] [INFO] [Nyxx.Shards[0]] Connected to Gateway
[2024-03-19 18:20:35.114439] [INFO] [Nyxx.Shards[0]] Connecting to Gateway
[2024-03-19 18:20:35.330212] [INFO] [Nyxx.Shards[0]] Connected to Gateway
